Build started 13.04.2012 12:38:46.
     1>Project "c:\Users\vaio\documents\visual studio 2010\Projects\Codeforces - 39D (Кубическая планета)\Codeforces - 39D (Кубическая планета).vcxproj" on node 2 (build target(s)).
     1>InitializeBuildStatus:
         Creating "Debug\Codeforces - 39D (Кубическая планета).unsuccessfulbuild" because "AlwaysCreate" was specified.
       GenerateTargetFrameworkMonikerAttribute:
       Skipping target "GenerateTargetFrameworkMonikerAttribute" because all output files are up-to-date with respect to the input files.
       ClCompile:
         c:\Program Files (x86)\Microsoft Visual Studio 10.0\VC\bin\CL.exe /c /AI"C:\Program Files (x86)\Reference Assemblies\Microsoft\Framework\.NETFramework\v4.0" /Zi /clr /nologo /W3 /WX- /Od /Oy- /D WIN32 /D _DEBUG /D _UNICODE /D UNICODE /EHa /MDd /GS /fp:precise /Zc:wchar_t /Zc:forScope /Yc"StdAfx.h" /Fp"Debug\Codeforces - 39D (Кубическая планета).pch" /Fo"Debug\\" /Fd"Debug\vc100.pdb" /TP /FU"C:\Program Files (x86)\Reference Assemblies\Microsoft\Framework\.NETFramework\v4.0\System.Core.dll" /FU"C:\Program Files (x86)\Reference Assemblies\Microsoft\Framework\.NETFramework\v4.0\System.Data.dll" /FU"C:\Program Files (x86)\Reference Assemblies\Microsoft\Framework\.NETFramework\v4.0\System.dll" /FU"C:\Program Files (x86)\Reference Assemblies\Microsoft\Framework\.NETFramework\v4.0\System.Xml.dll" /analyze- /errorReport:prompt stdafx.cpp /clr:nostdlib 
         stdafx.cpp
         c:\Program Files (x86)\Microsoft Visual Studio 10.0\VC\bin\CL.exe /c /AI"C:\Program Files (x86)\Reference Assemblies\Microsoft\Framework\.NETFramework\v4.0" /Zi /clr /nologo /W3 /WX- /Od /Oy- /D WIN32 /D _DEBUG /D _UNICODE /D UNICODE /EHa /MDd /GS /fp:precise /Zc:wchar_t /Zc:forScope /Yu"StdAfx.h" /Fp"Debug\Codeforces - 39D (Кубическая планета).pch" /Fo"Debug\\" /Fd"Debug\vc100.pdb" /TP /FU"C:\Program Files (x86)\Reference Assemblies\Microsoft\Framework\.NETFramework\v4.0\System.Core.dll" /FU"C:\Program Files (x86)\Reference Assemblies\Microsoft\Framework\.NETFramework\v4.0\System.Data.dll" /FU"C:\Program Files (x86)\Reference Assemblies\Microsoft\Framework\.NETFramework\v4.0\System.dll" /FU"C:\Program Files (x86)\Reference Assemblies\Microsoft\Framework\.NETFramework\v4.0\System.Xml.dll" /analyze- /errorReport:prompt AssemblyInfo.cpp "Codeforces - 39D (Кубическая планета).cpp" /clr:nostdlib 
         AssemblyInfo.cpp
         Codeforces - 39D (Кубическая планета).cpp
         Generating Code...
         c:\Program Files (x86)\Microsoft Visual Studio 10.0\VC\bin\CL.exe /c /Zi /clr /nologo /W3 /WX- /Od /Oy- /D WIN32 /D _DEBUG /D _UNICODE /D UNICODE /EHa /MDd /GS /fp:precise /Zc:wchar_t /Zc:forScope /Fo"Debug\\" /Fd"Debug\vc100.pdb" /TP /analyze- /errorReport:prompt "C:\Users\vaio\AppData\Local\Temp\.NETFramework,Version=v4.0.AssemblyAttributes.cpp"
         .NETFramework,Version=v4.0.AssemblyAttributes.cpp
       ResourceCompile:
         C:\Program Files (x86)\Microsoft SDKs\Windows\v7.0A\bin\rc.exe /D _UNICODE /D UNICODE /l"0x0409" /nologo /fo"Debug\app.res" app.rc 
       Link:
         c:\Program Files (x86)\Microsoft Visual Studio 10.0\VC\bin\link.exe /ERRORREPORT:PROMPT /OUT:"c:\users\vaio\documents\visual studio 2010\Projects\Codeforces - 39D (Кубическая планета)\Debug\Codeforces - 39D (Кубическая планета).exe" /INCREMENTAL /NOLOGO /MANIFEST /ManifestFile:"Debug\Codeforces - 39D (Кубическая планета).exe.intermediate.manifest" /MANIFESTUAC:"level='asInvoker' uiAccess='false'" /DEBUG /PDB:"c:\users\vaio\documents\visual studio 2010\Projects\Codeforces - 39D (Кубическая планета)\Debug\Codeforces - 39D (Кубическая планета).pdb" /ASSEMBLYDEBUG /TLBID:1 /DYNAMICBASE /FIXED:NO /NXCOMPAT /MACHINE:X86 Debug\app.res
         Debug\AssemblyInfo.obj
         "Debug\Codeforces - 39D (Кубическая планета).obj"
         Debug\stdafx.obj
         "Debug\.NETFramework,Version=v4.0.AssemblyAttributes.obj"
         Codeforces - 39D (Кубическая планета).vcxproj -> c:\users\vaio\documents\visual studio 2010\Projects\Codeforces - 39D (Кубическая планета)\Debug\Codeforces - 39D (Кубическая планета).exe
       Manifest:
         C:\Program Files (x86)\Microsoft SDKs\Windows\v7.0A\bin\mt.exe /nologo /verbose /outputresource:"c:\users\vaio\documents\visual studio 2010\Projects\Codeforces - 39D (Кубическая планета)\Debug\Codeforces - 39D (Кубическая планета).exe;#1" /manifest "Debug\Codeforces - 39D (Кубическая планета).exe.intermediate.manifest"
       FinalizeBuildStatus:
         Deleting file "Debug\Codeforces - 39D (Кубическая планета).unsuccessfulbuild".
         Touching "Debug\Codeforces - 39D (Кубическая планета).lastbuildstate".
     1>Done Building Project "c:\Users\vaio\documents\visual studio 2010\Projects\Codeforces - 39D (Кубическая планета)\Codeforces - 39D (Кубическая планета).vcxproj" (build target(s)).

Build succeeded.

Time Elapsed 00:00:04.30
